<?xml version="1.0" encoding="UTF-8"?>
<!-- Generated by org.testng.reporters.JUnitReportReporter -->
<testsuite hostname="Rajeshkanna" failures="0" tests="1" name="TestScript.RegisterTest" time="6.018" errors="0" timestamp="2024-02-05T16:34:03 IST" skipped="0">
  <testcase classname="TestScript.RegisterTest" name="register001" time="6.018"/>
</testsuite> <!-- TestScript.RegisterTest -->
