<?xml version="1.0" encoding="UTF-8"?>
<!-- Generated by org.testng.reporters.JUnitReportReporter -->
<testsuite hostname="LAPTOP-M2H73FJ9" failures="0" tests="1" name="ReportExample.reportexample" time="6.766" errors="0" timestamp="2024-02-06T17:24:57 IST" skipped="0">
  <testcase classname="ReportExample.reportexample" name="test" time="6.766"/>
</testsuite> <!-- ReportExample.reportexample -->
